
> @playbuddy/nextjs@1.0.0 build
> next build

  ▲ Next.js 14.2.35
  - Environments: .env

   Linting and checking validity of types ...
   Creating an optimized production build ...
 ✓ Compiled successfully
   Collecting page data ...
   Generating static pages (0/8) ...
   Generating static pages (2/8) 
   Generating static pages (4/8) 
   Generating static pages (6/8) 
 ✓ Generating static pages (8/8)
   Finalizing page optimization ...
   Collecting build traces ...

Route (pages)                              Size     First Load JS
┌ ○ /                                      5.76 kB         237 kB
├   /_app                                  0 B             201 kB
├ ○ /404                                   180 B           201 kB
├ ○ /book                                  4.17 kB         236 kB
├ ○ /courts                                6.14 kB         238 kB
├ ○ /login                                 2.8 kB          234 kB
├ ○ /profile                               4.34 kB         236 kB
└ ○ /select-role                           2.9 kB          234 kB
+ First Load JS shared by all              202 kB
  ├ chunks/framework-e82a91356956e6c8.js   44.8 kB
  ├ chunks/main-e8fc0f3ccc8e088e.js        34 kB
  ├ chunks/pages/_app-73a234b3ad2c44cb.js  122 kB
  └ other shared chunks (total)            1.75 kB

○  (Static)  prerendered as static content

